<?xml version="1.0" encoding="UTF-8"?>
<testsuite name="org.yourssuproject.web.MemosApiControllerTest" tests="1" skipped="0" failures="0" errors="0" timestamp="2021-09-16T07:38:47" hostname="joseonghyeon-ui-MacBookPro.local" time="0.515">
  <properties/>
  <testcase name="Memos_GET_Search_Memos()" classname="org.yourssuproject.web.MemosApiControllerTest" time="0.515"/>
  <system-out><![CDATA[16:38:44.087 [Test worker] DEBUG org.springframework.test.context.BootstrapUtils - Instantiating CacheAwareContextLoaderDelegate from class [org.springframework.test.context.cache.DefaultCacheAwareContextLoaderDelegate]
16:38:44.099 [Test worker] DEBUG org.springframework.test.context.BootstrapUtils - Instantiating BootstrapContext using constructor [public org.springframework.test.context.support.DefaultBootstrapContext(java.lang.Class,org.springframework.test.context.CacheAwareContextLoaderDelegate)]
16:38:44.133 [Test worker] DEBUG org.springframework.test.context.BootstrapUtils - Instantiating TestContextBootstrapper for test class [org.yourssuproject.web.MemosApiControllerTest] from class [org.springframework.boot.test.context.SpringBootTestContextBootstrapper]
16:38:44.144 [Test worker] INFO org.springframework.boot.test.context.SpringBootTestContextBootstrapper - Neither @ContextConfiguration nor @ContextHierarchy found for test class [org.yourssuproject.web.MemosApiControllerTest], using SpringBootContextLoader
16:38:44.148 [Test worker] DEBUG org.springframework.test.context.support.AbstractContextLoader - Did not detect default resource location for test class [org.yourssuproject.web.MemosApiControllerTest]: class path resource [org/yourssuproject/web/MemosApiControllerTest-context.xml] does not exist
16:38:44.149 [Test worker] DEBUG org.springframework.test.context.support.AbstractContextLoader - Did not detect default resource location for test class [org.yourssuproject.web.MemosApiControllerTest]: class path resource [org/yourssuproject/web/MemosApiControllerTestContext.groovy] does not exist
16:38:44.149 [Test worker] INFO org.springframework.test.context.support.AbstractContextLoader - Could not detect default resource locations for test class [org.yourssuproject.web.MemosApiControllerTest]: no resource found for suffixes {-context.xml, Context.groovy}.
16:38:44.150 [Test worker] INFO org.springframework.test.context.support.AnnotationConfigContextLoaderUtils - Could not detect default configuration classes for test class [org.yourssuproject.web.MemosApiControllerTest]: MemosApiControllerTest does not declare any static, non-private, non-final, nested classes annotated with @Configuration.
16:38:44.197 [Test worker] DEBUG org.springframework.test.context.support.ActiveProfilesUtils - Could not find an 'annotation declaring class' for annotation type [org.springframework.test.context.ActiveProfiles] and class [org.yourssuproject.web.MemosApiControllerTest]
16:38:44.257 [Test worker] DEBUG org.springframework.context.annotation.ClassPathScanningCandidateComponentProvider - Identified candidate component class: file [/Users/joseonghyeon/IdeaProjects/YourSSUProject/build/classes/java/main/org/yourssuproject/Application.class]
16:38:44.259 [Test worker] INFO org.springframework.boot.test.context.SpringBootTestContextBootstrapper - Found @SpringBootConfiguration org.yourssuproject.Application for test class org.yourssuproject.web.MemosApiControllerTest
16:38:44.331 [Test worker] DEBUG org.springframework.boot.test.context.SpringBootTestContextBootstrapper - @TestExecutionListeners is not present for class [org.yourssuproject.web.MemosApiControllerTest]: using defaults.
16:38:44.331 [Test worker] INFO org.springframework.boot.test.context.SpringBootTestContextBootstrapper - Loaded default TestExecutionListener class names from location [META-INF/spring.factories]: [org.springframework.boot.test.autoconfigure.restdocs.RestDocsTestExecutionListener, org.springframework.boot.test.autoconfigure.web.client.MockRestServiceServerResetTestExecutionListener, org.springframework.boot.test.autoconfigure.web.servlet.MockMvcPrintOnlyOnFailureTestExecutionListener, org.springframework.boot.test.autoconfigure.web.servlet.WebDriverTestExecutionListener, org.springframework.boot.test.autoconfigure.webservices.client.MockWebServiceServerTestExecutionListener, org.springframework.boot.test.mock.mockito.MockitoTestExecutionListener, org.springframework.boot.test.mock.mockito.ResetMocksTestExecutionListener, org.springframework.test.context.web.ServletTestExecutionListener, org.springframework.test.context.support.DirtiesContextBeforeModesTestExecutionListener, org.springframework.test.context.support.DependencyInjectionTestExecutionListener, org.springframework.test.context.support.DirtiesContextTestExecutionListener, org.springframework.test.context.transaction.TransactionalTestExecutionListener, org.springframework.test.context.jdbc.SqlScriptsTestExecutionListener, org.springframework.test.context.event.EventPublishingTestExecutionListener]
16:38:44.346 [Test worker] INFO org.springframework.boot.test.context.SpringBootTestContextBootstrapper - Using TestExecutionListeners: [org.springframework.test.context.web.ServletTestExecutionListener@8eab287, org.springframework.test.context.support.DirtiesContextBeforeModesTestExecutionListener@50243321, org.springframework.boot.test.mock.mockito.MockitoTestExecutionListener@22b4885b, org.springframework.boot.test.autoconfigure.SpringBootDependencyInjectionTestExecutionListener@5a203a0b, org.springframework.test.context.support.DirtiesContextTestExecutionListener@703c542, org.springframework.test.context.transaction.TransactionalTestExecutionListener@764f43b8, org.springframework.test.context.jdbc.SqlScriptsTestExecutionListener@70bffb7a, org.springframework.test.context.event.EventPublishingTestExecutionListener@2b147704, org.springframework.boot.test.autoconfigure.restdocs.RestDocsTestExecutionListener@32249ef1, org.springframework.boot.test.autoconfigure.web.client.MockRestServiceServerResetTestExecutionListener@3efa598e, org.springframework.boot.test.autoconfigure.web.servlet.MockMvcPrintOnlyOnFailureTestExecutionListener@31911100, org.springframework.boot.test.autoconfigure.web.servlet.WebDriverTestExecutionListener@3935ec61, org.springframework.boot.test.autoconfigure.webservices.client.MockWebServiceServerTestExecutionListener@2f702ea0, org.springframework.boot.test.mock.mockito.ResetMocksTestExecutionListener@43aa24e9]
16:38:44.350 [Test worker] DEBUG org.springframework.test.context.support.AbstractDirtiesContextTestExecutionListener - Before test class: context [DefaultTestContext@375b541f testClass = MemosApiControllerTest, testInstance = [null], testMethod = [null], testException = [null], mergedContextConfiguration = [WebMergedContextConfiguration@5b94d9a8 testClass = MemosApiControllerTest, locations = '{}', classes = '{class org.yourssuproject.Application}', contextInitializerClasses = '[]', activeProfiles = '{}', propertySourceLocations = '{}', propertySourceProperties = '{org.springframework.boot.test.context.SpringBootTestContextBootstrapper=true, server.port=0}', contextCustomizers = set[org.springframework.boot.test.autoconfigure.actuate.metrics.MetricsExportContextCustomizerFactory$DisableMetricExportContextCustomizer@6f06e39d, org.springframework.boot.test.autoconfigure.properties.PropertyMappingContextCustomizer@0, org.springframework.boot.test.autoconfigure.web.servlet.WebDriverContextCustomizerFactory$Customizer@15e0d1f0, org.springframework.boot.test.context.filter.ExcludeFilterContextCustomizer@247d6316, org.springframework.boot.test.json.DuplicateJsonObjectContextCustomizerFactory$DuplicateJsonObjectContextCustomizer@71a324c2, org.springframework.boot.test.mock.mockito.MockitoContextCustomizer@0, org.springframework.boot.test.web.client.TestRestTemplateContextCustomizer@572139a8, org.springframework.boot.test.context.SpringBootTestArgs@1, org.springframework.boot.test.context.SpringBootTestWebEnvironment@4c0c186f], resourceBasePath = 'src/main/webapp', contextLoader = 'org.springframework.boot.test.context.SpringBootContextLoader', parent = [null]], attributes = map['org.springframework.test.context.web.ServletTestExecutionListener.activateListener' -> false]], class annotated with @DirtiesContext [false] with mode [null].
16:38:44.362 [Test worker] DEBUG org.springframework.test.context.support.DependencyInjectionTestExecutionListener - Performing dependency injection for test context [[DefaultTestContext@375b541f testClass = MemosApiControllerTest, testInstance = org.yourssuproject.web.MemosApiControllerTest@5b7b967c, testMethod = [null], testException = [null], mergedContextConfiguration = [WebMergedContextConfiguration@5b94d9a8 testClass = MemosApiControllerTest, locations = '{}', classes = '{class org.yourssuproject.Application}', contextInitializerClasses = '[]', activeProfiles = '{}', propertySourceLocations = '{}', propertySourceProperties = '{org.springframework.boot.test.context.SpringBootTestContextBootstrapper=true, server.port=0}', contextCustomizers = set[org.springframework.boot.test.autoconfigure.actuate.metrics.MetricsExportContextCustomizerFactory$DisableMetricExportContextCustomizer@6f06e39d, org.springframework.boot.test.autoconfigure.properties.PropertyMappingContextCustomizer@0, org.springframework.boot.test.autoconfigure.web.servlet.WebDriverContextCustomizerFactory$Customizer@15e0d1f0, org.springframework.boot.test.context.filter.ExcludeFilterContextCustomizer@247d6316, org.springframework.boot.test.json.DuplicateJsonObjectContextCustomizerFactory$DuplicateJsonObjectContextCustomizer@71a324c2, org.springframework.boot.test.mock.mockito.MockitoContextCustomizer@0, org.springframework.boot.test.web.client.TestRestTemplateContextCustomizer@572139a8, org.springframework.boot.test.context.SpringBootTestArgs@1, org.springframework.boot.test.context.SpringBootTestWebEnvironment@4c0c186f], resourceBasePath = 'src/main/webapp', contextLoader = 'org.springframework.boot.test.context.SpringBootContextLoader', parent = [null]], attributes = map['org.springframework.test.context.web.ServletTestExecutionListener.activateListener' -> false]]].
16:38:44.383 [Test worker] DEBUG org.springframework.test.context.support.TestPropertySourceUtils - Adding inlined properties to environment: {spring.jmx.enabled=false, org.springframework.boot.test.context.SpringBootTestContextBootstrapper=true, server.port=0}

  .   ____          _            __ _ _
 /\\ / ___'_ __ _ _(_)_ __  __ _ \ \ \ \
( ( )\___ | '_ | '_| | '_ \/ _` | \ \ \ \
 \\/  ___)| |_)| | | | | || (_| |  ) ) ) )
  '  |____| .__|_| |_|_| |_\__, | / / / /
 =========|_|==============|___/=/_/_/_/
 :: Spring Boot ::                (v2.4.1)

2021-09-16 16:38:44.614  INFO 96193 --- [    Test worker] o.y.web.MemosApiControllerTest           : Starting MemosApiControllerTest using Java 15.0.2 on joseonghyeon-ui-MacBookPro.local with PID 96193 (started by joseonghyeon in /Users/joseonghyeon/IdeaProjects/YourSSUProject)
2021-09-16 16:38:44.616  INFO 96193 --- [    Test worker] o.y.web.MemosApiControllerTest           : No active profile set, falling back to default profiles: default
2021-09-16 16:38:45.195  INFO 96193 --- [    Test worker] .s.d.r.c.RepositoryConfigurationDelegate : Bootstrapping Spring Data JPA repositories in DEFAULT mode.
2021-09-16 16:38:45.237  INFO 96193 --- [    Test worker] .s.d.r.c.RepositoryConfigurationDelegate : Finished Spring Data repository scanning in 36 ms. Found 1 JPA repository interfaces.
2021-09-16 16:38:45.785  INFO 96193 --- [    Test worker] o.s.b.w.embedded.tomcat.TomcatWebServer  : Tomcat initialized with port(s): 0 (http)
2021-09-16 16:38:45.795  INFO 96193 --- [    Test worker] o.apache.catalina.core.StandardService   : Starting service [Tomcat]
2021-09-16 16:38:45.795  INFO 96193 --- [    Test worker] org.apache.catalina.core.StandardEngine  : Starting Servlet engine: [Apache Tomcat/9.0.41]
2021-09-16 16:38:45.878  INFO 96193 --- [    Test worker] o.a.c.c.C.[Tomcat].[localhost].[/]       : Initializing Spring embedded WebApplicationContext
2021-09-16 16:38:45.878  INFO 96193 --- [    Test worker] w.s.c.ServletWebServerApplicationContext : Root WebApplicationContext: initialization completed in 1234 ms
2021-09-16 16:38:45.936  INFO 96193 --- [    Test worker] com.zaxxer.hikari.HikariDataSource       : HikariPool-1 - Starting...
2021-09-16 16:38:46.076  INFO 96193 --- [    Test worker] com.zaxxer.hikari.HikariDataSource       : HikariPool-1 - Start completed.
2021-09-16 16:38:46.083  INFO 96193 --- [    Test worker] o.s.b.a.h2.H2ConsoleAutoConfiguration    : H2 console available at '/h2-console'. Database available at 'jdbc:h2:mem:testdb'
2021-09-16 16:38:46.312  INFO 96193 --- [    Test worker] o.hibernate.jpa.internal.util.LogHelper  : HHH000204: Processing PersistenceUnitInfo [name: default]
2021-09-16 16:38:46.354  INFO 96193 --- [    Test worker] org.hibernate.Version                    : HHH000412: Hibernate ORM core version 5.4.25.Final
2021-09-16 16:38:46.484  INFO 96193 --- [    Test worker] o.hibernate.annotations.common.Version   : HCANN000001: Hibernate Commons Annotations {5.1.2.Final}
2021-09-16 16:38:46.579  INFO 96193 --- [    Test worker] org.hibernate.dialect.Dialect            : HHH000400: Using dialect: org.hibernate.dialect.MySQL57Dialect
Hibernate: drop table if exists memos
Hibernate: create table memos (id bigint not null auto_increment, created_at datetime(6), updated_at datetime(6), text TEXT, title varchar(255) not null, primary key (id)) engine=InnoDB
2021-09-16 16:38:47.075  INFO 96193 --- [    Test worker] o.h.e.t.j.p.i.JtaPlatformInitiator       : HHH000490: Using JtaPlatform implementation: [org.hibernate.engine.transaction.jta.platform.internal.NoJtaPlatform]
2021-09-16 16:38:47.082  INFO 96193 --- [    Test worker] j.LocalContainerEntityManagerFactoryBean : Initialized JPA EntityManagerFactory for persistence unit 'default'
2021-09-16 16:38:47.500  WARN 96193 --- [    Test worker] JpaBaseConfiguration$JpaWebConfiguration : spring.jpa.open-in-view is enabled by default. Therefore, database queries may be performed during view rendering. Explicitly configure spring.jpa.open-in-view to disable this warning
2021-09-16 16:38:47.657  INFO 96193 --- [    Test worker] o.s.s.concurrent.ThreadPoolTaskExecutor  : Initializing ExecutorService 'applicationTaskExecutor'
2021-09-16 16:38:47.918  INFO 96193 --- [    Test worker] o.s.b.w.embedded.tomcat.TomcatWebServer  : Tomcat started on port(s): 61646 (http) with context path ''
2021-09-16 16:38:47.925  INFO 96193 --- [    Test worker] o.y.web.MemosApiControllerTest           : Started MemosApiControllerTest in 3.54 seconds (JVM running for 4.483)
Hibernate: insert into memos (created_at, updated_at, text, title) values (?, ?, ?, ?)
Hibernate: insert into memos (created_at, updated_at, text, title) values (?, ?, ?, ?)
Hibernate: insert into memos (created_at, updated_at, text, title) values (?, ?, ?, ?)
2021-09-16 16:38:48.247  INFO 96193 --- [o-auto-1-exec-1] o.a.c.c.C.[Tomcat].[localhost].[/]       : Initializing Spring DispatcherServlet 'dispatcherServlet'
2021-09-16 16:38:48.248  INFO 96193 --- [o-auto-1-exec-1] o.s.web.servlet.DispatcherServlet        : Initializing Servlet 'dispatcherServlet'
2021-09-16 16:38:48.249  INFO 96193 --- [o-auto-1-exec-1] o.s.web.servlet.DispatcherServlet        : Completed initialization in 1 ms
>>>>>>>>>> date: 2021-09-16
>>>>>>>>>>2021-09-16T00:00
>>>>>>>>>>2021-09-16T23:59:59
Hibernate: select memos0_.id as id1_0_, memos0_.created_at as created_2_0_, memos0_.updated_at as updated_3_0_, memos0_.text as text4_0_, memos0_.title as title5_0_ from memos memos0_ where memos0_.created_at between ? and ? limit ?
3
Hibernate: select memos0_.id as id1_0_, memos0_.created_at as created_2_0_, memos0_.updated_at as updated_3_0_, memos0_.text as text4_0_, memos0_.title as title5_0_ from memos memos0_
Hibernate: delete from memos where id=?
Hibernate: delete from memos where id=?
Hibernate: delete from memos where id=?
]]></system-out>
  <system-err><![CDATA[]]></system-err>
</testsuite>
